Please report this error to author.
`:help eskk` to see author's e-mail address.

2017年06月12日 15時21分14秒

--- char ---
char: ''(0)
mode(): i
--- char ---

--- exception ---
exception type: Vim internal error
v:exception: Can't read '/home/vagrant/.skk-jisyo'!
v:throwpoint: function eskk#filter..<SNR>243_asym_filter..<SNR>243_handle_mode_local_char..<SNR>243_handle_kakutei..<SNR>243_do_enter_egglike..eskk#get_skk_dict..eskk#dictionary#new..<SNR>259_Dictionary_new..<SNR>259_PhysicalDict_new..<SNR>259_PhysicalDict_update_lines..<SNR>259_PhysicalDict_update_lines_main, 行 2

   function <SNR>259_PhysicalDict_update_lines_main() dict
1      unlockvar 1 self._content_lines↲
2      let self._content_lines  = readfile(self.path)↲
3      lockvar 1 self._content_lines↲
4      call self.parse_lines()↲
5  ↲
6      let self._ftime_at_set = getftime(self.path)↲
   endfunction
--- exception ---

--- preedit ---
(no preedit)
--- preedit ---

--- Vim's :version ---
VIM - Vi IMproved 7.4 (2013 Aug 10, compiled Jul 24 2015 02:23:23)
適用済パッチ: 1-207, 209-629
Modified by <bugzilla@redhat.com>
Compiled by <bugzilla@redhat.com>
Huge 版 without GUI.  機能の一覧 有効(+)/無効(-)
+acl             -clipboard       +cursorshape     +extra_search    -hangul_input    +listcmds        +mouse_gpm       -mzscheme        -python3         +startuptime     +termresponse    +viminfo         -xsmp
+arabic          +cmdline_compl   +dialog_con      +farsi           +iconv           +localmap        -mouse_jsbterm   +netbeans_intg   +quickfix        +statusline      +textobjects     +vreplace        -xterm_clipboard
+autocmd         +cmdline_hist    +diff            +file_in_path    +insert_expand   -lua             +mouse_netterm   +path_extra      +reltime         -sun_workshop    +title           +wildignore      -xterm_save
-balloon_eval    +cmdline_info    +digraphs        +find_in_path    +jumplist        +menu            +mouse_sgr       +perl            +rightleft       +syntax          -toolbar         +wildmenu        -xpm
-browse          +comments        -dnd             +float           +keymap          +mksession       -mouse_sysmouse  +persistent_undo -ruby            +tag_binary      +user_commands   +windows         
++builtin_terms  +conceal         -ebcdic          +folding         +langmap         +modify_fname    +mouse_urxvt     +postscript      +scrollbind      +tag_old_static  +vertsplit       +writebackup     
+byte_offset     +cryptv          +emacs_tags      -footer          +libcall         +mouse           +mouse_xterm     +printer         +signs           -tag_any_white   +virtualedit     -X11             
+cindent         +cscope          +eval            +fork()          +linebreak       -mouseshape      +multi_byte      +profile         +smartindent     -tcl             +visual          -xfontset        
-clientserver    +cursorbind      +ex_extra        +gettext         +lispindent      +mouse_dec       +multi_lang      +python/dyn      -sniff           +terminfo        +visualextra     -xim             
      システム vimrc: "/etc/vimrc"
        ユーザ vimrc: "$HOME/.vimrc"
     第2ユーザ vimrc: "~/.vim/vimrc"
         ユーザ exrc: "$HOME/.exrc"
       省略時の $VIM: "/etc"
省略時の $VIMRUNTIME: "/usr/share/vim/vim74"
コンパイル: gcc -c -I. -Iproto -DHAVE_CONFIG_H     -O2 -g -pipe -Wall -fexceptions -fstack-protector --param=ssp-buffer-size=4 -m64 -mtune=generic -D_GNU_SOURCE -D_FILE_OFFSET_BITS=64 -U_FORTIFY_SOURCE -D_FORTIFY_SOURCE=1      
リンク: gcc   -Wl,-E -Wl,-rpath,/usr/lib64/perl5/CORE   -L/usr/local/lib -Wl,--as-needed -o vim        -lm -lnsl  -lselinux  -ltinfo -lacl -lattr -lgpm   -Wl,-E -Wl,-rpath,/usr/lib64/perl5/CORE  -fstack-protector  -L/usr/lib64/perl5/CORE -lperl -lresolv -lnsl -ldl -lm -lcrypt -lutil -lpthread -lc       
--- Vim's :version ---


--- Operating System ---
"uname -a" = Linux daily 2.6.32-573.3.1.el6.x86_64 #1 SMP Thu Aug 13 22:55:16 UTC 2015 x86_64 x86_64 x86_64 GNU/Linux
--- Operating System ---

--- feature-list ---
gui_running = 0
unix = 1
mac = 0
macunix = 0
win16 = 0
win32 = 0
win64 = 0
win32unix = 0
win95 = 0
amiga = 0
beos = 0
dos16 = 0
dos32 = 0
os2 = 0
qnx = 0
vms = 0
--- feature-list ---
